  main.cpp
D:\Plocha\FIIT\Ing\ACGMProj\ACGM_RayTracer_lib\include\ACGM_RayTracer_lib\Plane.h(11,3): error C2504: 'Model': base class undefined
D:\Plocha\FIIT\Ing\ACGMProj\ACGM_RayTracer_lib\include\ACGM_RayTracer_lib\Plane.h(18,35): error C2039: 'HitResult': is not a member of 'acgm'
D:\Plocha\FIIT\Ing\ACGMProj\ACGM_RayTracer_lib\include\ACGM_RayTracer_lib\Plane.h(7): message : see declaration of 'acgm'
D:\Plocha\FIIT\Ing\ACGMProj\ACGM_RayTracer_lib\include\ACGM_RayTracer_lib\Plane.h(18,44): error C2065: 'HitResult': undeclared identifier
D:\Plocha\FIIT\Ing\ACGMProj\ACGM_RayTracer_lib\include\ACGM_RayTracer_lib\Plane.h(18,20): error C2923: 'std::optional': 'HitResult' is not a valid template type argument for parameter '_Ty'
D:\Plocha\FIIT\Ing\ACGMProj\ACGM_RayTracer_lib\include\ACGM_RayTracer_lib\Plane.h(18,91): error C2039: 'Ray': is not a member of 'acgm'
D:\Plocha\FIIT\Ing\ACGMProj\ACGM_RayTracer_lib\include\ACGM_RayTracer_lib\Plane.h(7): message : see declaration of 'acgm'
D:\Plocha\FIIT\Ing\ACGMProj\ACGM_RayTracer_lib\include\ACGM_RayTracer_lib\Plane.h(18,94): error C2065: 'Ray': undeclared identifier
D:\Plocha\FIIT\Ing\ACGMProj\ACGM_RayTracer_lib\include\ACGM_RayTracer_lib\Plane.h(18,74): error C2923: 'std::shared_ptr': 'Ray' is not a valid template type argument for parameter '_Ty'
D:\Plocha\FIIT\Ing\ACGMProj\ACGM_RayTracer_lib\include\ACGM_RayTracer_lib\Plane.h(18,96): error C2955: 'std::shared_ptr': use of class template requires template argument list
D:\Program Files (x86)\Microsoft Visual Studio\2019\VC\Tools\MSVC\14.24.28314\include\memory(1004): message : see declaration of 'std::shared_ptr'
D:\Plocha\FIIT\Ing\ACGMProj\ACGM_RayTracer_lib\include\ACGM_RayTracer_lib\Plane.h(18,115): error C2955: 'std::optional': use of class template requires template argument list
D:\Program Files (x86)\Microsoft Visual Studio\2019\VC\Tools\MSVC\14.24.28314\include\optional(152): message : see declaration of 'std::optional'
D:\Plocha\FIIT\Ing\ACGMProj\ACGM_RayTracer_lib\include\ACGM_RayTracer_lib\Plane.h(18,68): error C3668: 'acgm::Plane::Intersect': method with override specifier 'override' did not override any base class methods
  RayTracerGadget.cpp
D:\Plocha\FIIT\Ing\ACGMProj\ACGM_RayTracer_lib\include\ACGM_RayTracer_lib\Plane.h(11,3): error C2504: 'Model': base class undefined
D:\Plocha\FIIT\Ing\ACGMProj\ACGM_RayTracer_lib\include\ACGM_RayTracer_lib\Plane.h(18,35): error C2039: 'HitResult': is not a member of 'acgm'
D:\Plocha\FIIT\Ing\ACGMProj\ACGM_RayTracer_lib\include\ACGM_RayTracer_lib\Plane.h(7): message : see declaration of 'acgm'
D:\Plocha\FIIT\Ing\ACGMProj\ACGM_RayTracer_lib\include\ACGM_RayTracer_lib\Plane.h(18,44): error C2065: 'HitResult': undeclared identifier
D:\Plocha\FIIT\Ing\ACGMProj\ACGM_RayTracer_lib\include\ACGM_RayTracer_lib\Plane.h(18,20): error C2923: 'std::optional': 'HitResult' is not a valid template type argument for parameter '_Ty'
D:\Plocha\FIIT\Ing\ACGMProj\ACGM_RayTracer_lib\include\ACGM_RayTracer_lib\Plane.h(18,91): error C2039: 'Ray': is not a member of 'acgm'
D:\Plocha\FIIT\Ing\ACGMProj\ACGM_RayTracer_lib\include\ACGM_RayTracer_lib\Plane.h(7): message : see declaration of 'acgm'
D:\Plocha\FIIT\Ing\ACGMProj\ACGM_RayTracer_lib\include\ACGM_RayTracer_lib\Plane.h(18,94): error C2065: 'Ray': undeclared identifier
D:\Plocha\FIIT\Ing\ACGMProj\ACGM_RayTracer_lib\include\ACGM_RayTracer_lib\Plane.h(18,74): error C2923: 'std::shared_ptr': 'Ray' is not a valid template type argument for parameter '_Ty'
D:\Plocha\FIIT\Ing\ACGMProj\ACGM_RayTracer_lib\include\ACGM_RayTracer_lib\Plane.h(18,96): error C2955: 'std::shared_ptr': use of class template requires template argument list
D:\Program Files (x86)\Microsoft Visual Studio\2019\VC\Tools\MSVC\14.24.28314\include\memory(1004): message : see declaration of 'std::shared_ptr'
D:\Plocha\FIIT\Ing\ACGMProj\ACGM_RayTracer_lib\include\ACGM_RayTracer_lib\Plane.h(18,115): error C2955: 'std::optional': use of class template requires template argument list
D:\Program Files (x86)\Microsoft Visual Studio\2019\VC\Tools\MSVC\14.24.28314\include\optional(152): message : see declaration of 'std::optional'
D:\Plocha\FIIT\Ing\ACGMProj\ACGM_RayTracer_lib\include\ACGM_RayTracer_lib\Plane.h(18,68): error C3668: 'acgm::Plane::Intersect': method with override specifier 'override' did not override any base class methods
  RayTracerResource.cpp
D:\Plocha\FIIT\Ing\ACGMProj\ACGM_RayTracer_lib\include\ACGM_RayTracer_lib\Model.h(31,64): error C2065: 'Ray': undeclared identifier
D:\Plocha\FIIT\Ing\ACGMProj\ACGM_RayTracer_lib\include\ACGM_RayTracer_lib\Model.h(31,53): error C2923: 'std::shared_ptr': 'Ray' is not a valid template type argument for parameter '_Ty'
D:\Plocha\FIIT\Ing\ACGMProj\ACGM_RayTracer_lib\include\ACGM_RayTracer_lib\Model.h(31,69): error C2955: 'std::shared_ptr': use of class template requires template argument list
D:\Program Files (x86)\Microsoft Visual Studio\2019\VC\Tools\MSVC\14.24.28314\include\memory(1004): message : see declaration of 'std::shared_ptr'
D:\Plocha\FIIT\Ing\ACGMProj\ACGM_RayTracer_lib\include\ACGM_RayTracer_lib\Model.h(31,79): error C2955: 'std::shared_ptr': use of class template requires template argument list
D:\Program Files (x86)\Microsoft Visual Studio\2019\VC\Tools\MSVC\14.24.28314\include\memory(1004): message : see declaration of 'std::shared_ptr'
D:\Plocha\FIIT\Ing\ACGMProj\ACGM_RayTracer_lib\include\ACGM_RayTracer_lib\Plane.h(18,91): error C2039: 'Ray': is not a member of 'acgm'
D:\Plocha\FIIT\Ing\ACGMProj\ACGM_RayTracer_lib\include\ACGM_RayTracer_lib\Plane.h(7): message : see declaration of 'acgm'
D:\Plocha\FIIT\Ing\ACGMProj\ACGM_RayTracer_lib\include\ACGM_RayTracer_lib\Plane.h(18,94): error C2065: 'Ray': undeclared identifier
D:\Plocha\FIIT\Ing\ACGMProj\ACGM_RayTracer_lib\include\ACGM_RayTracer_lib\Plane.h(18,74): error C2923: 'std::shared_ptr': 'Ray' is not a valid template type argument for parameter '_Ty'
D:\Plocha\FIIT\Ing\ACGMProj\ACGM_RayTracer_lib\include\ACGM_RayTracer_lib\Plane.h(18,96): error C2955: 'std::shared_ptr': use of class template requires template argument list
D:\Program Files (x86)\Microsoft Visual Studio\2019\VC\Tools\MSVC\14.24.28314\include\memory(1004): message : see declaration of 'std::shared_ptr'
D:\Plocha\FIIT\Ing\ACGMProj\ACGM_RayTracer_lib\include\ACGM_RayTracer_lib\Plane.h(18,115): error C2955: 'std::shared_ptr': use of class template requires template argument list
D:\Program Files (x86)\Microsoft Visual Studio\2019\VC\Tools\MSVC\14.24.28314\include\memory(1004): message : see declaration of 'std::shared_ptr'
D:\Plocha\FIIT\Ing\hiro_libs\include\Utils\ExtGLM.h(196,3): error C2988: unrecognizable template declaration/definition
D:\Plocha\FIIT\Ing\hiro_libs\include\Utils\ExtGLM.h(196,3): error C2059: syntax error: 'const'
D:\Plocha\FIIT\Ing\hiro_libs\include\Utils\ExtGLM.h(196,8): error C2059: syntax error: ')'
D:\Plocha\FIIT\Ing\hiro_libs\include\Utils\ExtGLM.h(196,3): error C2947: expecting '>' to terminate template-argument-list, found '<'
D:\Plocha\FIIT\Ing\hiro_libs\include\Utils\ExtGLM.h(196,3): error C2947: expecting '>' to terminate template-argument-list, found '>'
D:\Plocha\FIIT\Ing\hiro_libs\include\Utils\ExtGLM.h(197,3): error C2143: syntax error: missing ';' before '{'
D:\Plocha\FIIT\Ing\hiro_libs\include\Utils\ExtGLM.h(197,3): error C2143: syntax error: missing ')' before ';'
D:\Plocha\FIIT\Ing\hiro_libs\include\Utils\ExtGLM.h(197,3): error C2447: '{': missing function header (old-style formal list?)
D:\Plocha\FIIT\Ing\hiro_libs\include\Utils\ExtGLM.h(211,3): error C2988: unrecognizable template declaration/definition
D:\Plocha\FIIT\Ing\hiro_libs\include\Utils\ExtGLM.h(211,3): error C2059: syntax error: 'const'
D:\Plocha\FIIT\Ing\hiro_libs\include\Utils\ExtGLM.h(211,8): error C2059: syntax error: ')'
D:\Plocha\FIIT\Ing\hiro_libs\include\Utils\ExtGLM.h(211,3): error C2947: expecting '>' to terminate template-argument-list, found '>'
D:\Plocha\FIIT\Ing\hiro_libs\include\Utils\ExtGLM.h(212,3): error C2143: syntax error: missing ';' before '{'
D:\Plocha\FIIT\Ing\hiro_libs\include\Utils\ExtGLM.h(212,3): error C2143: syntax error: missing ')' before ';'
D:\Plocha\FIIT\Ing\hiro_libs\include\Utils\ExtGLM.h(212,3): error C2447: '{': missing function header (old-style formal list?)
D:\Plocha\FIIT\Ing\hiro_libs\include\Utils\ExtGLM.h(226,11): warning C4002: too many arguments for function-like macro invocation 'min'
D:\Plocha\FIIT\Ing\hiro_libs\include\Utils\ExtGLM.h(226,11): error C2146: syntax error: missing ')' before identifier 'p1'
D:\Plocha\FIIT\Ing\hiro_libs\include\Utils\ExtGLM.h(226,11): error C2365: 'genType': redefinition; previous definition was 'template parameter'
D:\Plocha\FIIT\Ing\hiro_libs\include\Utils\ExtGLM.h(225): message : see declaration of 'genType'
D:\Plocha\FIIT\Ing\hiro_libs\include\Utils\ExtGLM.h(226,3): error C2061: syntax error: identifier 'p1'
D:\Plocha\FIIT\Ing\hiro_libs\include\Utils\ExtGLM.h(226,3): error C2059: syntax error: ')'
D:\Plocha\FIIT\Ing\hiro_libs\include\Utils\ExtGLM.h(226,11): error C2146: syntax error: missing ')' before identifier 'p2'
D:\Plocha\FIIT\Ing\hiro_libs\include\Utils\ExtGLM.h(226,11): error C2146: syntax error: missing ';' before identifier 'p2'
D:\Plocha\FIIT\Ing\hiro_libs\include\Utils\ExtGLM.h(227,3): error C2143: syntax error: missing ';' before '{'
D:\Plocha\FIIT\Ing\hiro_libs\include\Utils\ExtGLM.h(227,3): error C2447: '{': missing function header (old-style formal list?)
D:\Plocha\FIIT\Ing\hiro_libs\include\Utils\ExtGLM.h(233,11): warning C4002: too many arguments for function-like macro invocation 'max'
D:\Plocha\FIIT\Ing\hiro_libs\include\Utils\ExtGLM.h(233,11): error C2146: syntax error: missing ')' before identifier 'p1'
D:\Plocha\FIIT\Ing\hiro_libs\include\Utils\ExtGLM.h(233,11): error C2365: 'genType': redefinition; previous definition was 'template parameter'
D:\Plocha\FIIT\Ing\hiro_libs\include\Utils\ExtGLM.h(232): message : see declaration of 'genType'
D:\Plocha\FIIT\Ing\hiro_libs\include\Utils\ExtGLM.h(233,3): error C2061: syntax error: identifier 'p1'
D:\Plocha\FIIT\Ing\hiro_libs\include\Utils\ExtGLM.h(233,3): error C2059: syntax error: ')'
D:\Plocha\FIIT\Ing\hiro_libs\include\Utils\ExtGLM.h(233,11): error C2146: syntax error: missing ')' before identifier 'p2'
D:\Plocha\FIIT\Ing\hiro_libs\include\Utils\ExtGLM.h(233,11): error C2146: syntax error: missing ';' before identifier 'p2'
D:\Plocha\FIIT\Ing\hiro_libs\include\Utils\ExtGLM.h(234,3): error C2143: syntax error: missing ';' before '{'
D:\Plocha\FIIT\Ing\hiro_libs\include\Utils\ExtGLM.h(234,3): error C2447: '{': missing function header (old-style formal list?)
D:\Plocha\FIIT\Ing\hiro_libs\include\Utils\ExtGLM.h(346,50): warning C4002: too many arguments for function-like macro invocation 'max'
D:\Plocha\FIIT\Ing\hiro_libs\include\Utils\ExtGLM.h(357,49): warning C4002: too many arguments for function-like macro invocation 'max'
D:\Plocha\FIIT\Ing\hiro_libs\include\Utils\ExtGLM.h(357,49): error C2589: '(': illegal token on right side of '::'
D:\Plocha\FIIT\Ing\hiro_libs\include\Utils\ExtGLM.h(357,49): error C2062: type 'unknown-type' unexpected
D:\Plocha\FIIT\Ing\hiro_libs\include\Utils\ExtGLM.h(357,94): error C2059: syntax error: ')'
D:\Plocha\FIIT\Ing\hiro_libs\include\Utils\ExtGLM.h(366,52): warning C4002: too many arguments for function-like macro invocation 'max'
D:\Plocha\FIIT\Ing\hiro_libs\include\Utils\ExtGLM.h(377,47): warning C4002: too many arguments for function-like macro invocation 'max'
D:\Plocha\FIIT\Ing\hiro_libs\include\Utils\ExtGLM.h(377,47): error C2589: '(': illegal token on right side of '::'
D:\Plocha\FIIT\Ing\hiro_libs\include\Utils\ExtGLM.h(377,47): error C2062: type 'unknown-type' unexpected
D:\Plocha\FIIT\Ing\hiro_libs\include\Utils\ExtGLM.h(377,47): error C2059: syntax error: ')'
D:\Plocha\FIIT\Ing\hiro_libs\include\Utils\ExtGLM.h(386,52): warning C4002: too many arguments for function-like macro invocation 'max'
D:\Plocha\FIIT\Ing\hiro_libs\include\Utils\ExtGLM.h(397,47): warning C4002: too many arguments for function-like macro invocation 'max'
D:\Plocha\FIIT\Ing\hiro_libs\include\Utils\ExtGLM.h(397,47): error C2589: '(': illegal token on right side of '::'
D:\Plocha\FIIT\Ing\hiro_libs\include\Utils\ExtGLM.h(397,47): error C2062: type 'unknown-type' unexpected
D:\Plocha\FIIT\Ing\hiro_libs\include\Utils\ExtGLM.h(397,47): error C2059: syntax error: ')'
D:\Plocha\FIIT\Ing\hiro_libs\include\Utils\ExtGLM.h(406,54): warning C4002: too many arguments for function-like macro invocation 'max'
D:\Plocha\FIIT\Ing\hiro_libs\include\Utils\ExtGLM.h(417,49): warning C4002: too many arguments for function-like macro invocation 'max'
D:\Plocha\FIIT\Ing\hiro_libs\include\Utils\ExtGLM.h(417,49): error C2589: '(': illegal token on right side of '::'
D:\Plocha\FIIT\Ing\hiro_libs\include\Utils\ExtGLM.h(417,49): error C2062: type 'unknown-type' unexpected
D:\Plocha\FIIT\Ing\hiro_libs\include\Utils\ExtGLM.h(417,94): error C2059: syntax error: ')'
D:\Plocha\FIIT\Ing\hiro_libs\include\Utils\GeometryStructures.h(395,46): warning C4003: not enough arguments for function-like macro invocation 'max'
D:\Plocha\FIIT\Ing\hiro_libs\include\Utils\GeometryStructures.h(497,44): warning C4003: not enough arguments for function-like macro invocation 'max'
