  CheckerShader.cpp
D:\Plocha\FIIT\Ing\ACGMProj\ACGM_RayTracer_lib\src\CheckerShader.cpp(21,20): warning C4305: 'initializing': truncation from 'double' to 'float'
D:\Plocha\FIIT\Ing\ACGMProj\ACGM_RayTracer_lib\src\CheckerShader.cpp(22,20): warning C4244: 'initializing': conversion from 'float' to 'int', possible loss of data
D:\Program Files (x86)\Microsoft Visual Studio\2019\VC\Tools\MSVC\14.24.28314\include\xmemory(204,12): error C2664: 'acgm::Shader::Shader(const acgm::Shader &)': cannot convert argument 1 from 'const std::shared_ptr<acgm::Shader>' to 'cogs::Color3f'
D:\Program Files (x86)\Microsoft Visual Studio\2019\VC\Tools\MSVC\14.24.28314\include\xmemory(204,33): message : No user-defined-conversion operator available that can perform this conversion, or the operator cannot be called
D:\Plocha\FIIT\Ing\ACGMProj\ACGM_RayTracer_lib\include\ACGM_RayTracer_lib\Shader.h(23,9): message : see declaration of 'acgm::Shader::Shader'
D:\Program Files (x86)\Microsoft Visual Studio\2019\VC\Tools\MSVC\14.24.28314\include\memory(1490): message : see reference to function template instantiation 'void std::_Construct_in_place<_Ty,const std::shared_ptr<_Ty>&>(_Ty &,const std::shared_ptr<_Ty> &) noexcept(false)' being compiled
          with
          [
              _Ty=acgm::Shader
          ]
D:\Program Files (x86)\Microsoft Visual Studio\2019\VC\Tools\MSVC\14.24.28314\include\memory(1590): message : see reference to function template instantiation 'std::_Ref_count_obj2<_Ty>::_Ref_count_obj2<const std::shared_ptr<_Ty>&>(const std::shared_ptr<_Ty> &)' being compiled
          with
          [
              _Ty=acgm::Shader
          ]
D:\Program Files (x86)\Microsoft Visual Studio\2019\VC\Tools\MSVC\14.24.28314\include\memory(1591): message : see reference to function template instantiation 'std::_Ref_count_obj2<_Ty>::_Ref_count_obj2<const std::shared_ptr<_Ty>&>(const std::shared_ptr<_Ty> &)' being compiled
          with
          [
              _Ty=acgm::Shader
          ]
D:\Plocha\FIIT\Ing\ACGMProj\ACGM_RayTracer_lib\src\CheckerShader.cpp(15): message : see reference to function template instantiation 'std::shared_ptr<acgm::Shader> std::make_shared<acgm::Shader,const std::shared_ptr<acgm::Shader>&>(const std::shared_ptr<acgm::Shader> &)' being compiled
  Mesh.cpp
D:\Plocha\FIIT\Ing\ACGMProj\ACGM_RayTracer_lib\include\ACGM_RayTracer_lib\Plane.h(11,3): error C2504: 'Model': base class undefined
D:\Plocha\FIIT\Ing\ACGMProj\ACGM_RayTracer_lib\include\ACGM_RayTracer_lib\Plane.h(18,35): error C2039: 'HitResult': is not a member of 'acgm'
D:\Plocha\FIIT\Ing\ACGMProj\ACGM_RayTracer_lib\include\ACGM_RayTracer_lib\Plane.h(7): message : see declaration of 'acgm'
D:\Plocha\FIIT\Ing\ACGMProj\ACGM_RayTracer_lib\include\ACGM_RayTracer_lib\Plane.h(18,44): error C2065: 'HitResult': undeclared identifier
D:\Plocha\FIIT\Ing\ACGMProj\ACGM_RayTracer_lib\include\ACGM_RayTracer_lib\Plane.h(18,20): error C2923: 'std::optional': 'HitResult' is not a valid template type argument for parameter '_Ty'
D:\Plocha\FIIT\Ing\ACGMProj\ACGM_RayTracer_lib\include\ACGM_RayTracer_lib\Plane.h(18,91): error C2039: 'Ray': is not a member of 'acgm'
D:\Plocha\FIIT\Ing\ACGMProj\ACGM_RayTracer_lib\include\ACGM_RayTracer_lib\Plane.h(7): message : see declaration of 'acgm'
D:\Plocha\FIIT\Ing\ACGMProj\ACGM_RayTracer_lib\include\ACGM_RayTracer_lib\Plane.h(18,94): error C2065: 'Ray': undeclared identifier
D:\Plocha\FIIT\Ing\ACGMProj\ACGM_RayTracer_lib\include\ACGM_RayTracer_lib\Plane.h(18,74): error C2923: 'std::shared_ptr': 'Ray' is not a valid template type argument for parameter '_Ty'
D:\Plocha\FIIT\Ing\ACGMProj\ACGM_RayTracer_lib\include\ACGM_RayTracer_lib\Plane.h(18,96): error C2955: 'std::shared_ptr': use of class template requires template argument list
D:\Program Files (x86)\Microsoft Visual Studio\2019\VC\Tools\MSVC\14.24.28314\include\memory(1004): message : see declaration of 'std::shared_ptr'
D:\Plocha\FIIT\Ing\ACGMProj\ACGM_RayTracer_lib\include\ACGM_RayTracer_lib\Plane.h(18,115): error C2955: 'std::optional': use of class template requires template argument list
D:\Program Files (x86)\Microsoft Visual Studio\2019\VC\Tools\MSVC\14.24.28314\include\optional(152): message : see declaration of 'std::optional'
D:\Plocha\FIIT\Ing\ACGMProj\ACGM_RayTracer_lib\include\ACGM_RayTracer_lib\Plane.h(18,68): error C3668: 'acgm::Plane::Intersect': method with override specifier 'override' did not override any base class methods
D:\Plocha\FIIT\Ing\ACGMProj\ACGM_RayTracer_lib\src\Mesh.cpp(13,23): warning C4018: '<': signed/unsigned mismatch
  SceneImporter.cpp
D:\Plocha\FIIT\Ing\ACGMProj\ACGM_RayTracer_lib\include\ACGM_RayTracer_lib\Plane.h(11,3): error C2504: 'Model': base class undefined
D:\Plocha\FIIT\Ing\ACGMProj\ACGM_RayTracer_lib\include\ACGM_RayTracer_lib\Plane.h(18,35): error C2039: 'HitResult': is not a member of 'acgm'
D:\Plocha\FIIT\Ing\ACGMProj\ACGM_RayTracer_lib\include\ACGM_RayTracer_lib\Plane.h(7): message : see declaration of 'acgm'
D:\Plocha\FIIT\Ing\ACGMProj\ACGM_RayTracer_lib\include\ACGM_RayTracer_lib\Plane.h(18,44): error C2065: 'HitResult': undeclared identifier
D:\Plocha\FIIT\Ing\ACGMProj\ACGM_RayTracer_lib\include\ACGM_RayTracer_lib\Plane.h(18,20): error C2923: 'std::optional': 'HitResult' is not a valid template type argument for parameter '_Ty'
D:\Plocha\FIIT\Ing\ACGMProj\ACGM_RayTracer_lib\include\ACGM_RayTracer_lib\Plane.h(18,91): error C2039: 'Ray': is not a member of 'acgm'
D:\Plocha\FIIT\Ing\ACGMProj\ACGM_RayTracer_lib\include\ACGM_RayTracer_lib\Plane.h(7): message : see declaration of 'acgm'
D:\Plocha\FIIT\Ing\ACGMProj\ACGM_RayTracer_lib\include\ACGM_RayTracer_lib\Plane.h(18,94): error C2065: 'Ray': undeclared identifier
D:\Plocha\FIIT\Ing\ACGMProj\ACGM_RayTracer_lib\include\ACGM_RayTracer_lib\Plane.h(18,74): error C2923: 'std::shared_ptr': 'Ray' is not a valid template type argument for parameter '_Ty'
D:\Plocha\FIIT\Ing\ACGMProj\ACGM_RayTracer_lib\include\ACGM_RayTracer_lib\Plane.h(18,96): error C2955: 'std::shared_ptr': use of class template requires template argument list
D:\Program Files (x86)\Microsoft Visual Studio\2019\VC\Tools\MSVC\14.24.28314\include\memory(1004): message : see declaration of 'std::shared_ptr'
D:\Plocha\FIIT\Ing\ACGMProj\ACGM_RayTracer_lib\include\ACGM_RayTracer_lib\Plane.h(18,115): error C2955: 'std::optional': use of class template requires template argument list
D:\Program Files (x86)\Microsoft Visual Studio\2019\VC\Tools\MSVC\14.24.28314\include\optional(152): message : see declaration of 'std::optional'
D:\Plocha\FIIT\Ing\ACGMProj\ACGM_RayTracer_lib\include\ACGM_RayTracer_lib\Plane.h(18,68): error C3668: 'acgm::Plane::Intersect': method with override specifier 'override' did not override any base class methods
D:\Plocha\FIIT\Ing\ACGMProj\ACGM_RayTracer_lib\src\SceneImporter.cpp(77,24): warning C4267: 'argument': conversion from 'size_t' to 'glm::mat<4,4,float,0>::length_type', possible loss of data
D:\Plocha\FIIT\Ing\ACGMProj\ACGM_RayTracer_lib\src\SceneImporter.cpp(77,39): warning C4267: 'argument': conversion from 'size_t' to 'glm::mat<4,4,float,0>::length_type', possible loss of data
D:\Plocha\FIIT\Ing\ACGMProj\ACGM_RayTracer_lib\src\SceneImporter.cpp(77,54): warning C4267: 'argument': conversion from 'size_t' to 'glm::mat<4,4,float,0>::length_type', possible loss of data
D:\Plocha\FIIT\Ing\ACGMProj\ACGM_RayTracer_lib\src\SceneImporter.cpp(77,69): warning C4267: 'argument': conversion from 'size_t' to 'glm::mat<4,4,float,0>::length_type', possible loss of data
  Sphere.cpp
D:\Plocha\FIIT\Ing\ACGMProj\ACGM_RayTracer_lib\include\ACGM_RayTracer_lib\Plane.h(11,3): error C2504: 'Model': base class undefined
D:\Plocha\FIIT\Ing\ACGMProj\ACGM_RayTracer_lib\include\ACGM_RayTracer_lib\Plane.h(18,35): error C2039: 'HitResult': is not a member of 'acgm'
D:\Plocha\FIIT\Ing\ACGMProj\ACGM_RayTracer_lib\include\ACGM_RayTracer_lib\Plane.h(7): message : see declaration of 'acgm'
D:\Plocha\FIIT\Ing\ACGMProj\ACGM_RayTracer_lib\include\ACGM_RayTracer_lib\Plane.h(18,44): error C2065: 'HitResult': undeclared identifier
D:\Plocha\FIIT\Ing\ACGMProj\ACGM_RayTracer_lib\include\ACGM_RayTracer_lib\Plane.h(18,20): error C2923: 'std::optional': 'HitResult' is not a valid template type argument for parameter '_Ty'
D:\Plocha\FIIT\Ing\ACGMProj\ACGM_RayTracer_lib\include\ACGM_RayTracer_lib\Plane.h(18,91): error C2039: 'Ray': is not a member of 'acgm'
D:\Plocha\FIIT\Ing\ACGMProj\ACGM_RayTracer_lib\include\ACGM_RayTracer_lib\Plane.h(7): message : see declaration of 'acgm'
D:\Plocha\FIIT\Ing\ACGMProj\ACGM_RayTracer_lib\include\ACGM_RayTracer_lib\Plane.h(18,94): error C2065: 'Ray': undeclared identifier
D:\Plocha\FIIT\Ing\ACGMProj\ACGM_RayTracer_lib\include\ACGM_RayTracer_lib\Plane.h(18,74): error C2923: 'std::shared_ptr': 'Ray' is not a valid template type argument for parameter '_Ty'
D:\Plocha\FIIT\Ing\ACGMProj\ACGM_RayTracer_lib\include\ACGM_RayTracer_lib\Plane.h(18,96): error C2955: 'std::shared_ptr': use of class template requires template argument list
D:\Program Files (x86)\Microsoft Visual Studio\2019\VC\Tools\MSVC\14.24.28314\include\memory(1004): message : see declaration of 'std::shared_ptr'
D:\Plocha\FIIT\Ing\ACGMProj\ACGM_RayTracer_lib\include\ACGM_RayTracer_lib\Plane.h(18,115): error C2955: 'std::optional': use of class template requires template argument list
D:\Program Files (x86)\Microsoft Visual Studio\2019\VC\Tools\MSVC\14.24.28314\include\optional(152): message : see declaration of 'std::optional'
D:\Plocha\FIIT\Ing\ACGMProj\ACGM_RayTracer_lib\include\ACGM_RayTracer_lib\Plane.h(18,68): error C3668: 'acgm::Plane::Intersect': method with override specifier 'override' did not override any base class methods
D:\Plocha\FIIT\Ing\ACGMProj\ACGM_RayTracer_lib\src\Sphere.cpp(28,12): warning C4244: 'initializing': conversion from 'double' to 'float', possible loss of data
D:\Plocha\FIIT\Ing\ACGMProj\ACGM_RayTracer_lib\src\Sphere.cpp(34,12): warning C4244: 'initializing': conversion from 'double' to 'float', possible loss of data
  Model.cpp
D:\Plocha\FIIT\Ing\ACGMProj\ACGM_RayTracer_lib\include\ACGM_RayTracer_lib\Plane.h(11,3): error C2504: 'Model': base class undefined
D:\Plocha\FIIT\Ing\ACGMProj\ACGM_RayTracer_lib\include\ACGM_RayTracer_lib\Plane.h(18,35): error C2039: 'HitResult': is not a member of 'acgm'
D:\Plocha\FIIT\Ing\ACGMProj\ACGM_RayTracer_lib\include\ACGM_RayTracer_lib\Plane.h(7): message : see declaration of 'acgm'
D:\Plocha\FIIT\Ing\ACGMProj\ACGM_RayTracer_lib\include\ACGM_RayTracer_lib\Plane.h(18,44): error C2065: 'HitResult': undeclared identifier
D:\Plocha\FIIT\Ing\ACGMProj\ACGM_RayTracer_lib\include\ACGM_RayTracer_lib\Plane.h(18,20): error C2923: 'std::optional': 'HitResult' is not a valid template type argument for parameter '_Ty'
D:\Plocha\FIIT\Ing\ACGMProj\ACGM_RayTracer_lib\include\ACGM_RayTracer_lib\Plane.h(18,91): error C2039: 'Ray': is not a member of 'acgm'
D:\Plocha\FIIT\Ing\ACGMProj\ACGM_RayTracer_lib\include\ACGM_RayTracer_lib\Plane.h(7): message : see declaration of 'acgm'
D:\Plocha\FIIT\Ing\ACGMProj\ACGM_RayTracer_lib\include\ACGM_RayTracer_lib\Plane.h(18,94): error C2065: 'Ray': undeclared identifier
D:\Plocha\FIIT\Ing\ACGMProj\ACGM_RayTracer_lib\include\ACGM_RayTracer_lib\Plane.h(18,74): error C2923: 'std::shared_ptr': 'Ray' is not a valid template type argument for parameter '_Ty'
D:\Plocha\FIIT\Ing\ACGMProj\ACGM_RayTracer_lib\include\ACGM_RayTracer_lib\Plane.h(18,96): error C2955: 'std::shared_ptr': use of class template requires template argument list
D:\Program Files (x86)\Microsoft Visual Studio\2019\VC\Tools\MSVC\14.24.28314\include\memory(1004): message : see declaration of 'std::shared_ptr'
D:\Plocha\FIIT\Ing\ACGMProj\ACGM_RayTracer_lib\include\ACGM_RayTracer_lib\Plane.h(18,115): error C2955: 'std::optional': use of class template requires template argument list
D:\Program Files (x86)\Microsoft Visual Studio\2019\VC\Tools\MSVC\14.24.28314\include\optional(152): message : see declaration of 'std::optional'
D:\Plocha\FIIT\Ing\ACGMProj\ACGM_RayTracer_lib\include\ACGM_RayTracer_lib\Plane.h(18,68): error C3668: 'acgm::Plane::Intersect': method with override specifier 'override' did not override any base class methods
  Plane.cpp
  Ray.cpp
D:\Plocha\FIIT\Ing\ACGMProj\ACGM_RayTracer_lib\include\ACGM_RayTracer_lib\Model.h(31,64): error C2065: 'Ray': undeclared identifier
D:\Plocha\FIIT\Ing\ACGMProj\ACGM_RayTracer_lib\include\ACGM_RayTracer_lib\Model.h(31,53): error C2923: 'std::shared_ptr': 'Ray' is not a valid template type argument for parameter '_Ty'
D:\Plocha\FIIT\Ing\ACGMProj\ACGM_RayTracer_lib\include\ACGM_RayTracer_lib\Model.h(31,69): error C2955: 'std::shared_ptr': use of class template requires template argument list
D:\Program Files (x86)\Microsoft Visual Studio\2019\VC\Tools\MSVC\14.24.28314\include\memory(1004): message : see declaration of 'std::shared_ptr'
D:\Plocha\FIIT\Ing\ACGMProj\ACGM_RayTracer_lib\include\ACGM_RayTracer_lib\Model.h(31,79): error C2955: 'std::shared_ptr': use of class template requires template argument list
D:\Program Files (x86)\Microsoft Visual Studio\2019\VC\Tools\MSVC\14.24.28314\include\memory(1004): message : see declaration of 'std::shared_ptr'
D:\Plocha\FIIT\Ing\ACGMProj\ACGM_RayTracer_lib\include\ACGM_RayTracer_lib\Plane.h(18,91): error C2039: 'Ray': is not a member of 'acgm'
D:\Plocha\FIIT\Ing\ACGMProj\ACGM_RayTracer_lib\include\ACGM_RayTracer_lib\Plane.h(7): message : see declaration of 'acgm'
D:\Plocha\FIIT\Ing\ACGMProj\ACGM_RayTracer_lib\include\ACGM_RayTracer_lib\Plane.h(18,94): error C2065: 'Ray': undeclared identifier
D:\Plocha\FIIT\Ing\ACGMProj\ACGM_RayTracer_lib\include\ACGM_RayTracer_lib\Plane.h(18,74): error C2923: 'std::shared_ptr': 'Ray' is not a valid template type argument for parameter '_Ty'
D:\Plocha\FIIT\Ing\ACGMProj\ACGM_RayTracer_lib\include\ACGM_RayTracer_lib\Plane.h(18,96): error C2955: 'std::shared_ptr': use of class template requires template argument list
D:\Program Files (x86)\Microsoft Visual Studio\2019\VC\Tools\MSVC\14.24.28314\include\memory(1004): message : see declaration of 'std::shared_ptr'
D:\Plocha\FIIT\Ing\ACGMProj\ACGM_RayTracer_lib\include\ACGM_RayTracer_lib\Plane.h(18,115): error C2955: 'std::shared_ptr': use of class template requires template argument list
D:\Program Files (x86)\Microsoft Visual Studio\2019\VC\Tools\MSVC\14.24.28314\include\memory(1004): message : see declaration of 'std::shared_ptr'
  Scene.cpp
D:\Plocha\FIIT\Ing\ACGMProj\ACGM_RayTracer_lib\include\ACGM_RayTracer_lib\Plane.h(11,3): error C2504: 'Model': base class undefined
D:\Plocha\FIIT\Ing\ACGMProj\ACGM_RayTracer_lib\include\ACGM_RayTracer_lib\Plane.h(18,35): error C2039: 'HitResult': is not a member of 'acgm'
D:\Plocha\FIIT\Ing\ACGMProj\ACGM_RayTracer_lib\include\ACGM_RayTracer_lib\Plane.h(7): message : see declaration of 'acgm'
D:\Plocha\FIIT\Ing\ACGMProj\ACGM_RayTracer_lib\include\ACGM_RayTracer_lib\Plane.h(18,44): error C2065: 'HitResult': undeclared identifier
D:\Plocha\FIIT\Ing\ACGMProj\ACGM_RayTracer_lib\include\ACGM_RayTracer_lib\Plane.h(18,20): error C2923: 'std::optional': 'HitResult' is not a valid template type argument for parameter '_Ty'
D:\Plocha\FIIT\Ing\ACGMProj\ACGM_RayTracer_lib\include\ACGM_RayTracer_lib\Plane.h(18,91): error C2039: 'Ray': is not a member of 'acgm'
D:\Plocha\FIIT\Ing\ACGMProj\ACGM_RayTracer_lib\include\ACGM_RayTracer_lib\Plane.h(7): message : see declaration of 'acgm'
D:\Plocha\FIIT\Ing\ACGMProj\ACGM_RayTracer_lib\include\ACGM_RayTracer_lib\Plane.h(18,94): error C2065: 'Ray': undeclared identifier
D:\Plocha\FIIT\Ing\ACGMProj\ACGM_RayTracer_lib\include\ACGM_RayTracer_lib\Plane.h(18,74): error C2923: 'std::shared_ptr': 'Ray' is not a valid template type argument for parameter '_Ty'
D:\Plocha\FIIT\Ing\ACGMProj\ACGM_RayTracer_lib\include\ACGM_RayTracer_lib\Plane.h(18,96): error C2955: 'std::shared_ptr': use of class template requires template argument list
D:\Program Files (x86)\Microsoft Visual Studio\2019\VC\Tools\MSVC\14.24.28314\include\memory(1004): message : see declaration of 'std::shared_ptr'
D:\Plocha\FIIT\Ing\ACGMProj\ACGM_RayTracer_lib\include\ACGM_RayTracer_lib\Plane.h(18,115): error C2955: 'std::optional': use of class template requires template argument list
D:\Program Files (x86)\Microsoft Visual Studio\2019\VC\Tools\MSVC\14.24.28314\include\optional(152): message : see declaration of 'std::optional'
D:\Plocha\FIIT\Ing\ACGMProj\ACGM_RayTracer_lib\include\ACGM_RayTracer_lib\Plane.h(18,68): error C3668: 'acgm::Plane::Intersect': method with override specifier 'override' did not override any base class methods
D:\Plocha\FIIT\Ing\ACGMProj\ACGM_RayTracer_lib\src\Scene.cpp(29,23): warning C4305: 'initializing': truncation from 'double' to 'float'
D:\Plocha\FIIT\Ing\ACGMProj\ACGM_RayTracer_lib\src\Scene.cpp(34,23): warning C4018: '<': signed/unsigned mismatch
D:\Plocha\FIIT\Ing\ACGMProj\ACGM_RayTracer_lib\src\Scene.cpp(36,33): warning C4018: '<': signed/unsigned mismatch
D:\Plocha\FIIT\Ing\ACGMProj\ACGM_RayTracer_lib\src\Scene.cpp(76,13): warning C4244: '=': conversion from 'double' to 'float', possible loss of data
  Triangle.cpp
D:\Plocha\FIIT\Ing\ACGMProj\ACGM_RayTracer_lib\include\ACGM_RayTracer_lib\Plane.h(11,3): error C2504: 'Model': base class undefined
D:\Plocha\FIIT\Ing\ACGMProj\ACGM_RayTracer_lib\include\ACGM_RayTracer_lib\Plane.h(18,35): error C2039: 'HitResult': is not a member of 'acgm'
D:\Plocha\FIIT\Ing\ACGMProj\ACGM_RayTracer_lib\include\ACGM_RayTracer_lib\Plane.h(7): message : see declaration of 'acgm'
D:\Plocha\FIIT\Ing\ACGMProj\ACGM_RayTracer_lib\include\ACGM_RayTracer_lib\Plane.h(18,44): error C2065: 'HitResult': undeclared identifier
D:\Plocha\FIIT\Ing\ACGMProj\ACGM_RayTracer_lib\include\ACGM_RayTracer_lib\Plane.h(18,20): error C2923: 'std::optional': 'HitResult' is not a valid template type argument for parameter '_Ty'
D:\Plocha\FIIT\Ing\ACGMProj\ACGM_RayTracer_lib\include\ACGM_RayTracer_lib\Plane.h(18,91): error C2039: 'Ray': is not a member of 'acgm'
D:\Plocha\FIIT\Ing\ACGMProj\ACGM_RayTracer_lib\include\ACGM_RayTracer_lib\Plane.h(7): message : see declaration of 'acgm'
D:\Plocha\FIIT\Ing\ACGMProj\ACGM_RayTracer_lib\include\ACGM_RayTracer_lib\Plane.h(18,94): error C2065: 'Ray': undeclared identifier
D:\Plocha\FIIT\Ing\ACGMProj\ACGM_RayTracer_lib\include\ACGM_RayTracer_lib\Plane.h(18,74): error C2923: 'std::shared_ptr': 'Ray' is not a valid template type argument for parameter '_Ty'
D:\Plocha\FIIT\Ing\ACGMProj\ACGM_RayTracer_lib\include\ACGM_RayTracer_lib\Plane.h(18,96): error C2955: 'std::shared_ptr': use of class template requires template argument list
D:\Program Files (x86)\Microsoft Visual Studio\2019\VC\Tools\MSVC\14.24.28314\include\memory(1004): message : see declaration of 'std::shared_ptr'
D:\Plocha\FIIT\Ing\ACGMProj\ACGM_RayTracer_lib\include\ACGM_RayTracer_lib\Plane.h(18,115): error C2955: 'std::optional': use of class template requires template argument list
D:\Program Files (x86)\Microsoft Visual Studio\2019\VC\Tools\MSVC\14.24.28314\include\optional(152): message : see declaration of 'std::optional'
D:\Plocha\FIIT\Ing\ACGMProj\ACGM_RayTracer_lib\include\ACGM_RayTracer_lib\Plane.h(18,68): error C3668: 'acgm::Plane::Intersect': method with override specifier 'override' did not override any base class methods
D:\Plocha\FIIT\Ing\ACGMProj\ACGM_RayTracer_lib\src\Triangle.cpp(22,13): warning C4244: '=': conversion from 'double' to 'float', possible loss of data
